<?xml version="1.0" encoding="UTF-8"?>
<!-- Generated by org.testng.reporters.JUnitXMLReporter -->
<testsuite ignored="0" hostname="RevathyHarikumar" failures="0" tests="8" name="Test" time="90.15" errors="0" timestamp="2026-04-12T00:03:41 IST">
  <testcase classname="com.demoblaze.DemoBlazeTest" name="validLogin" time="7.833"/>
  <testcase classname="com.demoblaze.DemoBlazeTest" name="invalidLogin" time="7.638"/>
  <testcase classname="com.demoblaze.DemoBlazeTest" name="emptyLogin" time="4.382"/>
  <testcase classname="com.demoblaze.DemoBlazeTest" name="viewProduct" time="5.227"/>
  <testcase classname="com.demoblaze.DemoBlazeTest" name="addToCart" time="5.716"/>
  <testcase classname="com.demoblaze.DemoBlazeTest" name="verifyCartProduct" time="9.48"/>
  <testcase classname="com.demoblaze.DemoBlazeTest" name="logoutTest" time="4.469"/>
  <testcase classname="com.demoblaze.DemoBlazeTest" name="placeOrder" time="20.072"/>
</testsuite> <!-- Test -->
