<?xml version="1.0" encoding="UTF-8"?>
<testng-results ignored="0" total="8" passed="8" failed="0" skipped="0">
  <reporter-output>
  </reporter-output>
  <suite started-at="2026-04-12T00:02:11 IST" name="DemoBlazeSuite" finished-at="2026-04-12T00:03:41 IST" duration-ms="90150">
    <groups>
    </groups>
    <test started-at="2026-04-12T00:02:11 IST" name="Test" finished-at="2026-04-12T00:03:41 IST" duration-ms="90150">
      <class name="com.demoblaze.DemoBlazeTest">
        <test-method is-config="true" signature="setup()[pri:0, instance:com.demoblaze.DemoBlazeTest@74ea2410]" started-at="2026-04-12T00:02:11 IST" name="setup" finished-at="2026-04-12T00:02:15 IST" duration-ms="4160" status="PASS">
          <reporter-output>
          </reporter-output>
        </test-method> <!-- setup -->
        <test-method signature="validLogin()[pri:1, instance:com.demoblaze.DemoBlazeTest@74ea2410]" started-at="2026-04-12T00:02:15 IST" name="validLogin" finished-at="2026-04-12T00:02:23 IST" duration-ms="7833" status="PASS">
          <reporter-output>
          </reporter-output>
        </test-method> <!-- validLogin -->
        <test-method is-config="true" signature="tearDown()[pri:0, instance:com.demoblaze.DemoBlazeTest@74ea2410]" started-at="2026-04-12T00:02:23 IST" name="tearDown" finished-at="2026-04-12T00:02:23 IST" duration-ms="544" status="PASS">
          <reporter-output>
          </reporter-output>
        </test-method> <!-- tearDown -->
        <test-method is-config="true" signature="setup()[pri:0, instance:com.demoblaze.DemoBlazeTest@74ea2410]" started-at="2026-04-12T00:02:23 IST" name="setup" finished-at="2026-04-12T00:02:25 IST" duration-ms="1827" status="PASS">
          <reporter-output>
          </reporter-output>
        </test-method> <!-- setup -->
        <test-method signature="invalidLogin()[pri:2, instance:com.demoblaze.DemoBlazeTest@74ea2410]" started-at="2026-04-12T00:02:25 IST" name="invalidLogin" finished-at="2026-04-12T00:02:33 IST" duration-ms="7638" status="PASS">
          <reporter-output>
          </reporter-output>
        </test-method> <!-- invalidLogin -->
        <test-method is-config="true" signature="tearDown()[pri:0, instance:com.demoblaze.DemoBlazeTest@74ea2410]" started-at="2026-04-12T00:02:33 IST" name="tearDown" finished-at="2026-04-12T00:02:33 IST" duration-ms="556" status="PASS">
          <reporter-output>
          </reporter-output>
        </test-method> <!-- tearDown -->
        <test-method is-config="true" signature="setup()[pri:0, instance:com.demoblaze.DemoBlazeTest@74ea2410]" started-at="2026-04-12T00:02:33 IST" name="setup" finished-at="2026-04-12T00:02:36 IST" duration-ms="3034" status="PASS">
          <reporter-output>
          </reporter-output>
        </test-method> <!-- setup -->
        <test-method signature="emptyLogin()[pri:3, instance:com.demoblaze.DemoBlazeTest@74ea2410]" started-at="2026-04-12T00:02:36 IST" name="emptyLogin" finished-at="2026-04-12T00:02:41 IST" duration-ms="4382" status="PASS">
          <reporter-output>
          </reporter-output>
        </test-method> <!-- emptyLogin -->
        <test-method is-config="true" signature="tearDown()[pri:0, instance:com.demoblaze.DemoBlazeTest@74ea2410]" started-at="2026-04-12T00:02:41 IST" name="tearDown" finished-at="2026-04-12T00:02:41 IST" duration-ms="464" status="PASS">
          <reporter-output>
          </reporter-output>
        </test-method> <!-- tearDown -->
        <test-method is-config="true" signature="setup()[pri:0, instance:com.demoblaze.DemoBlazeTest@74ea2410]" started-at="2026-04-12T00:02:41 IST" name="setup" finished-at="2026-04-12T00:02:44 IST" duration-ms="2835" status="PASS">
          <reporter-output>
          </reporter-output>
        </test-method> <!-- setup -->
        <test-method signature="viewProduct()[pri:4, instance:com.demoblaze.DemoBlazeTest@74ea2410]" started-at="2026-04-12T00:02:44 IST" name="viewProduct" finished-at="2026-04-12T00:02:49 IST" duration-ms="5227" status="PASS">
          <reporter-output>
          </reporter-output>
        </test-method> <!-- viewProduct -->
        <test-method is-config="true" signature="tearDown()[pri:0, instance:com.demoblaze.DemoBlazeTest@74ea2410]" started-at="2026-04-12T00:02:49 IST" name="tearDown" finished-at="2026-04-12T00:02:50 IST" duration-ms="400" status="PASS">
          <reporter-output>
          </reporter-output>
        </test-method> <!-- tearDown -->
        <test-method is-config="true" signature="setup()[pri:0, instance:com.demoblaze.DemoBlazeTest@74ea2410]" started-at="2026-04-12T00:02:50 IST" name="setup" finished-at="2026-04-12T00:02:51 IST" duration-ms="1849" status="PASS">
          <reporter-output>
          </reporter-output>
        </test-method> <!-- setup -->
        <test-method signature="addToCart()[pri:5, instance:com.demoblaze.DemoBlazeTest@74ea2410]" started-at="2026-04-12T00:02:51 IST" name="addToCart" finished-at="2026-04-12T00:02:57 IST" duration-ms="5716" status="PASS">
          <reporter-output>
          </reporter-output>
        </test-method> <!-- addToCart -->
        <test-method is-config="true" signature="tearDown()[pri:0, instance:com.demoblaze.DemoBlazeTest@74ea2410]" started-at="2026-04-12T00:02:57 IST" name="tearDown" finished-at="2026-04-12T00:02:58 IST" duration-ms="451" status="PASS">
          <reporter-output>
          </reporter-output>
        </test-method> <!-- tearDown -->
        <test-method is-config="true" signature="setup()[pri:0, instance:com.demoblaze.DemoBlazeTest@74ea2410]" started-at="2026-04-12T00:02:58 IST" name="setup" finished-at="2026-04-12T00:03:00 IST" duration-ms="2784" status="PASS">
          <reporter-output>
          </reporter-output>
        </test-method> <!-- setup -->
        <test-method signature="verifyCartProduct()[pri:6, instance:com.demoblaze.DemoBlazeTest@74ea2410]" started-at="2026-04-12T00:03:00 IST" name="verifyCartProduct" finished-at="2026-04-12T00:03:10 IST" duration-ms="9480" status="PASS">
          <reporter-output>
          </reporter-output>
        </test-method> <!-- verifyCartProduct -->
        <test-method is-config="true" signature="tearDown()[pri:0, instance:com.demoblaze.DemoBlazeTest@74ea2410]" started-at="2026-04-12T00:03:10 IST" name="tearDown" finished-at="2026-04-12T00:03:10 IST" duration-ms="663" status="PASS">
          <reporter-output>
          </reporter-output>
        </test-method> <!-- tearDown -->
        <test-method is-config="true" signature="setup()[pri:0, instance:com.demoblaze.DemoBlazeTest@74ea2410]" started-at="2026-04-12T00:03:10 IST" name="setup" finished-at="2026-04-12T00:03:13 IST" duration-ms="2780" status="PASS">
          <reporter-output>
          </reporter-output>
        </test-method> <!-- setup -->
        <test-method signature="logoutTest()[pri:7, instance:com.demoblaze.DemoBlazeTest@74ea2410]" started-at="2026-04-12T00:03:13 IST" name="logoutTest" finished-at="2026-04-12T00:03:18 IST" duration-ms="4469" status="PASS">
          <reporter-output>
          </reporter-output>
        </test-method> <!-- logoutTest -->
        <test-method is-config="true" signature="tearDown()[pri:0, instance:com.demoblaze.DemoBlazeTest@74ea2410]" started-at="2026-04-12T00:03:18 IST" name="tearDown" finished-at="2026-04-12T00:03:18 IST" duration-ms="429" status="PASS">
          <reporter-output>
          </reporter-output>
        </test-method> <!-- tearDown -->
        <test-method is-config="true" signature="setup()[pri:0, instance:com.demoblaze.DemoBlazeTest@74ea2410]" started-at="2026-04-12T00:03:18 IST" name="setup" finished-at="2026-04-12T00:03:20 IST" duration-ms="1885" status="PASS">
          <reporter-output>
          </reporter-output>
        </test-method> <!-- setup -->
        <test-method signature="placeOrder()[pri:8, instance:com.demoblaze.DemoBlazeTest@74ea2410]" started-at="2026-04-12T00:03:20 IST" name="placeOrder" finished-at="2026-04-12T00:03:40 IST" duration-ms="20072" status="PASS">
          <reporter-output>
          </reporter-output>
        </test-method> <!-- placeOrder -->
        <test-method is-config="true" signature="tearDown()[pri:0, instance:com.demoblaze.DemoBlazeTest@74ea2410]" started-at="2026-04-12T00:03:40 IST" name="tearDown" finished-at="2026-04-12T00:03:41 IST" duration-ms="532" status="PASS">
          <reporter-output>
          </reporter-output>
        </test-method> <!-- tearDown -->
      </class> <!-- com.demoblaze.DemoBlazeTest -->
    </test> <!-- Test -->
  </suite> <!-- DemoBlazeSuite -->
</testng-results>
