<?xml version="1.0" encoding="UTF-8"?>
<!-- Generated by org.testng.reporters.JUnitReportReporter -->
<testsuite hostname="RevathyHarikumar" failures="0" tests="8" name="com.demoblaze.DemoBlazeTest" time="90.010" errors="0" timestamp="2026-04-12T00:03:41 IST" skipped="0">
  <testcase classname="com.demoblaze.DemoBlazeTest" name="validLogin" time="11.224"/>
  <testcase classname="com.demoblaze.DemoBlazeTest" name="invalidLogin" time="9.887"/>
  <testcase classname="com.demoblaze.DemoBlazeTest" name="emptyLogin" time="8.971"/>
  <testcase classname="com.demoblaze.DemoBlazeTest" name="viewProduct" time="8.805"/>
  <testcase classname="com.demoblaze.DemoBlazeTest" name="addToCart" time="9.159"/>
  <testcase classname="com.demoblaze.DemoBlazeTest" name="verifyCartProduct" time="11.758"/>
  <testcase classname="com.demoblaze.DemoBlazeTest" name="logoutTest" time="7.785"/>
  <testcase classname="com.demoblaze.DemoBlazeTest" name="placeOrder" time="22.421"/>
</testsuite> <!-- com.demoblaze.DemoBlazeTest -->
